[debug] [2024-07-23T16:41:10.884Z] ----------------------------------------------------------------------
[debug] [2024-07-23T16:41:10.885Z] Command:       /usr/local/bin/node /usr/local/bin/firebase init
[debug] [2024-07-23T16:41:10.885Z] CLI Version:   13.13.3
[debug] [2024-07-23T16:41:10.885Z] Platform:      darwin
[debug] [2024-07-23T16:41:10.886Z] Node Version:  v20.13.1
[debug] [2024-07-23T16:41:10.886Z] Time:          Tue Jul 23 2024 23:41:10 GMT+0700 (Western Indonesia Time)
[debug] [2024-07-23T16:41:10.886Z] ----------------------------------------------------------------------
[debug] 
[debug] [2024-07-23T16:41:10.915Z] > command requires scopes: ["email","openid","https://www.googleapis.com/auth/cloudplatformprojects.readonly","https://www.googleapis.com/auth/firebase","https://www.googleapis.com/auth/cloud-platform"]
[debug] [2024-07-23T16:41:10.915Z] > authorizing via signed-in user (unicornhorse1@gmail.com)
[info] 
     ######## #### ########  ######## ########     ###     ######  ########
     ##        ##  ##     ## ##       ##     ##  ##   ##  ##       ##
     ######    ##  ########  ######   ########  #########  ######  ######
     ##        ##  ##    ##  ##       ##     ## ##     ##       ## ##
     ##       #### ##     ## ######## ########  ##     ##  ######  ########

You're about to initialize a Firebase project in this directory:

  /Users/muhfikri/Documents/code/himti-api

Before we get started, keep in mind:

  * You are initializing within an existing Firebase project directory

[info] 
=== Project Setup
[info] 
[info] First, let's associate this project directory with a Firebase project.
[info] You can create multiple project aliases by running firebase use --add, 
[info] but for now we'll just set up a default project.
[info] 
[info] i  If you want to create a project in a Google Cloud organization or folder, please use "firebase projects:create" instead, and return to this command when you've created the project. 
[debug] [2024-07-23T16:41:41.178Z] >>> [apiv2][query] POST https://cloudresourcemanager.googleapis.com/v1/projects [none]
[debug] [2024-07-23T16:41:41.179Z] >>> [apiv2][body] POST https://cloudresourcemanager.googleapis.com/v1/projects {"projectId":"himti-api","name":"himti-api"}
[debug] [2024-07-23T16:41:43.721Z] <<< [apiv2][status] POST https://cloudresourcemanager.googleapis.com/v1/projects 200
[debug] [2024-07-23T16:41:43.722Z] <<< [apiv2][body] POST https://cloudresourcemanager.googleapis.com/v1/projects {"name":"operations/cp.8497506142330716465"}
[debug] [2024-07-23T16:41:43.723Z] >>> [apiv2][query] GET https://cloudresourcemanager.googleapis.com/v1/operations/cp.8497506142330716465 [none]
[debug] [2024-07-23T16:41:45.148Z] <<< [apiv2][status] GET https://cloudresourcemanager.googleapis.com/v1/operations/cp.8497506142330716465 200
[debug] [2024-07-23T16:41:45.148Z] <<< [apiv2][body] GET https://cloudresourcemanager.googleapis.com/v1/operations/cp.8497506142330716465 {"name":"operations/cp.8497506142330716465"}
[debug] [2024-07-23T16:41:45.650Z] [Project Creation Poller] Retrying task index 0
[debug] [2024-07-23T16:41:45.650Z] >>> [apiv2][query] GET https://cloudresourcemanager.googleapis.com/v1/operations/cp.8497506142330716465 [none]
[debug] [2024-07-23T16:41:46.170Z] <<< [apiv2][status] GET https://cloudresourcemanager.googleapis.com/v1/operations/cp.8497506142330716465 200
[debug] [2024-07-23T16:41:46.171Z] <<< [apiv2][body] GET https://cloudresourcemanager.googleapis.com/v1/operations/cp.8497506142330716465 {"name":"operations/cp.8497506142330716465","metadata":{"@type":"type.googleapis.com/google.cloudresourcemanager.v1.ProjectCreationStatus","gettable":true}}
[debug] [2024-07-23T16:41:47.173Z] [Project Creation Poller] Retrying task index 0
[debug] [2024-07-23T16:41:47.174Z] >>> [apiv2][query] GET https://cloudresourcemanager.googleapis.com/v1/operations/cp.8497506142330716465 [none]
[debug] [2024-07-23T16:41:47.731Z] <<< [apiv2][status] GET https://cloudresourcemanager.googleapis.com/v1/operations/cp.8497506142330716465 200
[debug] [2024-07-23T16:41:47.731Z] <<< [apiv2][body] GET https://cloudresourcemanager.googleapis.com/v1/operations/cp.8497506142330716465 {"name":"operations/cp.8497506142330716465","metadata":{"@type":"type.googleapis.com/google.cloudresourcemanager.v1.ProjectCreationStatus","gettable":true,"ready":true},"done":true,"response":{"@type":"type.googleapis.com/google.cloudresourcemanager.v1.Project","projectNumber":"656341366905","projectId":"himti-api","lifecycleState":"ACTIVE","name":"himti-api","createTime":"2024-07-23T16:41:45.205756Z"}}
[debug] [2024-07-23T16:41:47.733Z] >>> [apiv2][query] POST https://firebase.googleapis.com/v1beta1/projects/himti-api:addFirebase [none]
[debug] [2024-07-23T16:41:52.316Z] <<< [apiv2][status] POST https://firebase.googleapis.com/v1beta1/projects/himti-api:addFirebase 200
[debug] [2024-07-23T16:41:52.316Z] <<< [apiv2][body] POST https://firebase.googleapis.com/v1beta1/projects/himti-api:addFirebase {"name":"operations/workflows/NmE3YjA4NDQtNzcxMC00NzIyLWIyYjAtMzRkYjQyNGVhZWFm"}
[debug] [2024-07-23T16:41:52.317Z] >>> [apiv2][query] GET https://firebase.googleapis.com/v1beta1/operations/workflows/NmE3YjA4NDQtNzcxMC00NzIyLWIyYjAtMzRkYjQyNGVhZWFm [none]
[debug] [2024-07-23T16:41:54.877Z] <<< [apiv2][status] GET https://firebase.googleapis.com/v1beta1/operations/workflows/NmE3YjA4NDQtNzcxMC00NzIyLWIyYjAtMzRkYjQyNGVhZWFm 200
[debug] [2024-07-23T16:41:54.878Z] <<< [apiv2][body] GET https://firebase.googleapis.com/v1beta1/operations/workflows/NmE3YjA4NDQtNzcxMC00NzIyLWIyYjAtMzRkYjQyNGVhZWFm {"name":"operations/workflows/NmE3YjA4NDQtNzcxMC00NzIyLWIyYjAtMzRkYjQyNGVhZWFm"}
[debug] [2024-07-23T16:41:55.379Z] [Add Firebase Poller] Retrying task index 0
[debug] [2024-07-23T16:41:55.381Z] >>> [apiv2][query] GET https://firebase.googleapis.com/v1beta1/operations/workflows/NmE3YjA4NDQtNzcxMC00NzIyLWIyYjAtMzRkYjQyNGVhZWFm [none]
[debug] [2024-07-23T16:41:56.669Z] <<< [apiv2][status] GET https://firebase.googleapis.com/v1beta1/operations/workflows/NmE3YjA4NDQtNzcxMC00NzIyLWIyYjAtMzRkYjQyNGVhZWFm 200
[debug] [2024-07-23T16:41:56.669Z] <<< [apiv2][body] GET https://firebase.googleapis.com/v1beta1/operations/workflows/NmE3YjA4NDQtNzcxMC00NzIyLWIyYjAtMzRkYjQyNGVhZWFm {"name":"operations/workflows/NmE3YjA4NDQtNzcxMC00NzIyLWIyYjAtMzRkYjQyNGVhZWFm"}
[debug] [2024-07-23T16:41:57.671Z] [Add Firebase Poller] Retrying task index 0
[debug] [2024-07-23T16:41:57.672Z] >>> [apiv2][query] GET https://firebase.googleapis.com/v1beta1/operations/workflows/NmE3YjA4NDQtNzcxMC00NzIyLWIyYjAtMzRkYjQyNGVhZWFm [none]
[debug] [2024-07-23T16:41:58.510Z] <<< [apiv2][status] GET https://firebase.googleapis.com/v1beta1/operations/workflows/NmE3YjA4NDQtNzcxMC00NzIyLWIyYjAtMzRkYjQyNGVhZWFm 200
[debug] [2024-07-23T16:41:58.511Z] <<< [apiv2][body] GET https://firebase.googleapis.com/v1beta1/operations/workflows/NmE3YjA4NDQtNzcxMC00NzIyLWIyYjAtMzRkYjQyNGVhZWFm {"name":"operations/workflows/NmE3YjA4NDQtNzcxMC00NzIyLWIyYjAtMzRkYjQyNGVhZWFm"}
[debug] [2024-07-23T16:42:00.512Z] [Add Firebase Poller] Retrying task index 0
[debug] [2024-07-23T16:42:00.513Z] >>> [apiv2][query] GET https://firebase.googleapis.com/v1beta1/operations/workflows/NmE3YjA4NDQtNzcxMC00NzIyLWIyYjAtMzRkYjQyNGVhZWFm [none]
[debug] [2024-07-23T16:42:01.530Z] <<< [apiv2][status] GET https://firebase.googleapis.com/v1beta1/operations/workflows/NmE3YjA4NDQtNzcxMC00NzIyLWIyYjAtMzRkYjQyNGVhZWFm 200
[debug] [2024-07-23T16:42:01.530Z] <<< [apiv2][body] GET https://firebase.googleapis.com/v1beta1/operations/workflows/NmE3YjA4NDQtNzcxMC00NzIyLWIyYjAtMzRkYjQyNGVhZWFm {"name":"operations/workflows/NmE3YjA4NDQtNzcxMC00NzIyLWIyYjAtMzRkYjQyNGVhZWFm"}
[debug] [2024-07-23T16:42:05.532Z] [Add Firebase Poller] Retrying task index 0
[debug] [2024-07-23T16:42:05.533Z] >>> [apiv2][query] GET https://firebase.googleapis.com/v1beta1/operations/workflows/NmE3YjA4NDQtNzcxMC00NzIyLWIyYjAtMzRkYjQyNGVhZWFm [none]
[debug] [2024-07-23T16:42:06.548Z] <<< [apiv2][status] GET https://firebase.googleapis.com/v1beta1/operations/workflows/NmE3YjA4NDQtNzcxMC00NzIyLWIyYjAtMzRkYjQyNGVhZWFm 200
[debug] [2024-07-23T16:42:06.548Z] <<< [apiv2][body] GET https://firebase.googleapis.com/v1beta1/operations/workflows/NmE3YjA4NDQtNzcxMC00NzIyLWIyYjAtMzRkYjQyNGVhZWFm {"name":"operations/workflows/NmE3YjA4NDQtNzcxMC00NzIyLWIyYjAtMzRkYjQyNGVhZWFm","done":true,"response":{"@type":"type.googleapis.com/google.firebase.service.v1beta1.FirebaseProject","projectId":"himti-api","projectNumber":"656341366905","displayName":"himti-api","name":"projects/himti-api","resources":{"hostingSite":"himti-api"}}}
[info] 
[info] 🎉🎉🎉 Your Firebase project is ready! 🎉🎉🎉
[info] 
[info] Project information:
[info]    - Project ID: himti-api
[info]    - Project Name: himti-api
[info] 
[info] Firebase console is available at
[info] https://console.firebase.google.com/project/himti-api/overview
[info] i  Using project himti-api (himti-api) 
[info] 
=== Hosting Setup
[debug] [2024-07-23T16:42:06.560Z] >>> [apiv2][query] GET https://firebase.googleapis.com/v1beta1/projects/himti-api [none]
[debug] [2024-07-23T16:42:07.268Z] <<< [apiv2][status] GET https://firebase.googleapis.com/v1beta1/projects/himti-api 200
[debug] [2024-07-23T16:42:07.269Z] <<< [apiv2][body] GET https://firebase.googleapis.com/v1beta1/projects/himti-api {"projectId":"himti-api","projectNumber":"656341366905","displayName":"himti-api","name":"projects/himti-api","resources":{"hostingSite":"himti-api"},"state":"ACTIVE","etag":"1_c30839c5-92af-425a-abdf-d1e801600008"}
[info] 
[info] Your public directory is the folder (relative to your project directory) that
[info] will contain Hosting assets to be uploaded with firebase deploy. If you
[info] have a build process for your assets, use your build's output directory.
[info] 
[debug] [2024-07-23T16:42:39.208Z] >>> [apiv2][query] GET https://www.gstatic.com/firebasejs/releases.json [none]
[debug] [2024-07-23T16:42:40.388Z] <<< [apiv2][status] GET https://www.gstatic.com/firebasejs/releases.json 200
[debug] [2024-07-23T16:42:40.388Z] <<< [apiv2][body] GET https://www.gstatic.com/firebasejs/releases.json {"current":{"version":"10.12.4","browserURL":"https://www.gstatic.com/firebasejs/10.12.4/firebase.js","packageURL":"https://www.gstatic.com/firebasejs/10.12.4/firebase.tgz"},"live":{"version":"10.12","browserURL":"https://www.gstatic.com/firebasejs/live/10.12/firebase.js","packageURL":"https://www.gstatic.com/firebasejs/live/10.12/firebase.tgz"},"components":{"analytics":"https://www.gstatic.com/firebasejs/10.12.4/firebase-analytics.js","app":"https://www.gstatic.com/firebasejs/10.12.4/firebase-app.js","app-check":"https://www.gstatic.com/firebasejs/10.12.4/firebase-app-check.js","auth":"https://www.gstatic.com/firebasejs/10.12.4/firebase-auth.js","auth/cordova":"https://www.gstatic.com/firebasejs/10.12.4/firebase-auth/cordova.js","auth/web-extension":"https://www.gstatic.com/firebasejs/10.12.4/firebase-auth/web-extension.js","functions":"https://www.gstatic.com/firebasejs/10.12.4/firebase-functions.js","firestore":"https://www.gstatic.com/firebasejs/10.12.4/firebase-firestore.js","firestore/lite":"https://www.gstatic.com/firebasejs/10.12.4/firebase-firestore/lite.js","installations":"https://www.gstatic.com/firebasejs/10.12.4/firebase-installations.js","storage":"https://www.gstatic.com/firebasejs/10.12.4/firebase-storage.js","performance":"https://www.gstatic.com/firebasejs/10.12.4/firebase-performance.js","remote-config":"https://www.gstatic.com/firebasejs/10.12.4/firebase-remote-config.js","messaging":"https://www.gstatic.com/firebasejs/10.12.4/firebase-messaging.js","messaging/sw":"https://www.gstatic.com/firebasejs/10.12.4/firebase-messaging/sw.js","database":"https://www.gstatic.com/firebasejs/10.12.4/firebase-database.js","vertexai-preview":"https://www.gstatic.com/firebasejs/10.12.4/firebase-vertexai-preview.js","firestore.memory":"https://www.gstatic.com/firebasejs/10.12.4/firebase-firestore.memory.js"}}
[info] ✔  Wrote public/index.html 
[info] 
[info] i  Detected a .git folder at /Users/muhfikri/Documents/code/himti-api 
[info] i  Authorizing with GitHub to upload your service account to a GitHub repository's secrets store. 
[info] 
[info] Visit this URL on this device to log in:
[info] https://github.com/login/oauth/authorize?client_id=89cf50f02ac6aaed3484&state=8769726&redirect_uri=http%3A%2F%2Flocalhost%3A9005&scope=read%3Auser%20repo%20public_repo
[info] 
[info] Waiting for authentication...
[debug] [2024-07-23T16:43:01.043Z] >>> [apiv2][query] POST https://github.com/login/oauth/access_token [none]
[debug] [2024-07-23T16:43:01.044Z] >>> [apiv2][body] POST https://github.com/login/oauth/access_token [stream]
[debug] [2024-07-23T16:43:02.563Z] <<< [apiv2][status] POST https://github.com/login/oauth/access_token 200
[debug] [2024-07-23T16:43:02.563Z] <<< [apiv2][body] POST https://github.com/login/oauth/access_token {"access_token":"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","token_type":"bearer","scope":"read:user,repo"}
[debug] [2024-07-23T16:43:02.569Z] >>> [apiv2][query] GET https://api.github.com/user [none]
[debug] [2024-07-23T16:43:04.132Z] <<< [apiv2][status] GET https://api.github.com/user 200
[debug] [2024-07-23T16:43:04.133Z] <<< [apiv2][body] GET https://api.github.com/user {"login":"muhammadfikri4","id":109844916,"node_id":"U_kgDOBowZtA","avatar_url":"https://avatars.githubusercontent.com/u/109844916?v=4","gravatar_id":"","url":"https://api.github.com/users/muhammadfikri4","html_url":"https://github.com/muhammadfikri4","followers_url":"https://api.github.com/users/muhammadfikri4/followers","following_url":"https://api.github.com/users/muhammadfikri4/following{/other_user}","gists_url":"https://api.github.com/users/muhammadfikri4/gists{/gist_id}","starred_url":"https://api.github.com/users/muhammadfikri4/starred{/owner}{/repo}","subscriptions_url":"https://api.github.com/users/muhammadfikri4/subscriptions","organizations_url":"https://api.github.com/users/muhammadfikri4/orgs","repos_url":"https://api.github.com/users/muhammadfikri4/repos","events_url":"https://api.github.com/users/muhammadfikri4/events{/privacy}","received_events_url":"https://api.github.com/users/muhammadfikri4/received_events","type":"User","site_admin":false,"name":null,"company":null,"blog":"","location":null,"email":null,"hireable":null,"bio":null,"twitter_username":null,"public_repos":30,"public_gists":0,"followers":4,"following":1,"created_at":"2022-07-23T06:52:12Z","updated_at":"2024-07-23T06:43:35Z","private_gists":1,"total_private_repos":4,"owned_private_repos":4,"disk_usage":179383,"collaborators":3,"two_factor_authentication":true,"plan":{"name":"free","space":976562499,"collaborators":0,"private_repos":10000}}
[info] 
[info] ✔  Success! Logged into GitHub as muhammadfikri4 
[info] 
